02 jul 2018 - 13:39:37 [INFO ] support.DefaultTestContextBootstrapper - Loaded default TestExecutionListener class names from location [META-INF/spring.factories]: [org.springframework.test.context.web.ServletTestExecutionListener, org.springframework.test.context.support.DirtiesContextBeforeModesTestExecutionListener, org.springframework.test.context.support.DependencyInjectionTestExecutionListener, org.springframework.test.context.support.DirtiesContextTestExecutionListener, org.springframework.test.context.transaction.TransactionalTestExecutionListener, org.springframework.test.context.jdbc.SqlScriptsTestExecutionListener]
02 jul 2018 - 13:39:37 [INFO ] support.DefaultTestContextBootstrapper - Using TestExecutionListeners: [org.springframework.test.context.web.ServletTestExecutionListener@7085bdee, org.springframework.test.context.support.DirtiesContextBeforeModesTestExecutionListener@1ce92674, org.springframework.test.context.support.DependencyInjectionTestExecutionListener@5700d6b1, org.springframework.test.context.support.DirtiesContextTestExecutionListener@6fd02e5, org.springframework.test.context.transaction.TransactionalTestExecutionListener@5bcab519, org.springframework.test.context.jdbc.SqlScriptsTestExecutionListener@e45f292]
02 jul 2018 - 13:39:38 [INFO ] xml.XmlBeanDefinitionReader - Loading XML bean definitions from URL [file:src/main/webapp/WEB-INF/daoContext-test.xml]
02 jul 2018 - 13:39:39 [INFO ] xml.XmlBeanDefinitionReader - Loading XML bean definitions from URL [file:src/main/webapp/WEB-INF/app-security.xml]
02 jul 2018 - 13:39:39 [INFO ] core.SpringSecurityCoreVersion - You are running with Spring Security Core 4.0.3.RELEASE
02 jul 2018 - 13:39:39 [INFO ] config.SecurityNamespaceHandler - Spring Security 'config' module version is 4.0.3.RELEASE
02 jul 2018 - 13:39:39 [INFO ] http.FilterInvocationSecurityMetadataSourceParser - Creating access control expression attribute 'permitAll' for /zkau/**
02 jul 2018 - 13:39:39 [INFO ] http.FilterInvocationSecurityMetadataSourceParser - Creating access control expression attribute 'permitAll' for /inicio.zul
02 jul 2018 - 13:39:39 [INFO ] http.FilterInvocationSecurityMetadataSourceParser - Creating access control expression attribute 'isAuthenticated()' for /**
02 jul 2018 - 13:39:39 [INFO ] http.HttpSecurityBeanDefinitionParser - Checking sorted filter chain: [Root bean: class [org.springframework.security.web.context.SecurityContextPersistenceFilter]; scope=; abstract=false; lazyInit=false; autowireMode=0; dependencyCheck=0; autowireCandidate=true; primary=false; factoryBeanName=null; factoryMethodName=null; initMethodName=null; destroyMethodName=null, order = 200, Root bean: class [org.springframework.security.web.header.HeaderWriterFilter]; scope=; abstract=false; lazyInit=false; autowireMode=0; dependencyCheck=0; autowireCandidate=true; primary=false; factoryBeanName=null; factoryMethodName=null; initMethodName=null; destroyMethodName=null, order = 500, Root bean: class [org.springframework.security.web.authentication.logout.LogoutFilter]; scope=; abstract=false; lazyInit=false; autowireMode=0; dependencyCheck=0; autowireCandidate=true; primary=false; factoryBeanName=null; factoryMethodName=null; initMethodName=null; destroyMethodName=null, order = 700, <org.springframework.security.web.authentication.UsernamePasswordAuthenticationFilter#0>, order = 1100, Root bean: class [org.springframework.security.web.savedrequest.RequestCacheAwareFilter]; scope=; abstract=false; lazyInit=false; autowireMode=0; dependencyCheck=0; autowireCandidate=true; primary=false; factoryBeanName=null; factoryMethodName=null; initMethodName=null; destroyMethodName=null, order = 1600, Root bean: class [org.springframework.security.web.servletapi.SecurityContextHolderAwareRequestFilter]; scope=; abstract=false; lazyInit=false; autowireMode=0; dependencyCheck=0; autowireCandidate=true; primary=false; factoryBeanName=null; factoryMethodName=null; initMethodName=null; destroyMethodName=null, order = 1700, Root bean: class [org.springframework.security.web.authentication.AnonymousAuthenticationFilter]; scope=; abstract=false; lazyInit=false; autowireMode=0; dependencyCheck=0; autowireCandidate=true; primary=false; factoryBeanName=null; factoryMethodName=null; initMethodName=null; destroyMethodName=null, order = 2000, Root bean: class [org.springframework.security.web.session.SessionManagementFilter]; scope=; abstract=false; lazyInit=false; autowireMode=0; dependencyCheck=0; autowireCandidate=true; primary=false; factoryBeanName=null; factoryMethodName=null; initMethodName=null; destroyMethodName=null, order = 2100, Root bean: class [org.springframework.security.web.access.ExceptionTranslationFilter]; scope=; abstract=false; lazyInit=false; autowireMode=0; dependencyCheck=0; autowireCandidate=true; primary=false; factoryBeanName=null; factoryMethodName=null; initMethodName=null; destroyMethodName=null, order = 2200, <org.springframework.security.web.access.intercept.FilterSecurityInterceptor#0>, order = 2300]
02 jul 2018 - 13:39:39 [INFO ] support.GenericApplicationContext - Refreshing org.springframework.context.support.GenericApplicationContext@47ef968d: startup date [Mon Jul 02 13:39:39 ART 2018]; root of context hierarchy
02 jul 2018 - 13:39:40 [INFO ] config.PropertyPlaceholderConfigurer - Loading properties file from class path resource [properties/config.properties]
02 jul 2018 - 13:39:40 [WARN ] config.PropertyPlaceholderConfigurer - Could not load properties from class path resource [properties/config.properties]: class path resource [properties/config.properties] cannot be opened because it does not exist
02 jul 2018 - 13:39:40 [INFO ] datasource.DriverManagerDataSource - Loaded JDBC driver: com.mysql.jdbc.Driver
02 jul 2018 - 13:39:41 [INFO ] hibernate.Version - HHH000412: Hibernate Core {5.0.2.Final}
02 jul 2018 - 13:39:41 [INFO ] cfg.Environment - HHH000206: hibernate.properties not found
02 jul 2018 - 13:39:41 [INFO ] cfg.Environment - HHH000021: Bytecode provider name : javassist
02 jul 2018 - 13:39:41 [INFO ] common.Version - HCANN000001: Hibernate Commons Annotations {5.0.0.Final}
02 jul 2018 - 13:39:42 [INFO ] dialect.Dialect - HHH000400: Using dialect: org.hibernate.dialect.MySQL5Dialect
02 jul 2018 - 13:39:43 [INFO ] util.Version - HV000001: Hibernate Validator 5.2.2.Final
02 jul 2018 - 13:39:45 [INFO ] datasource.DriverManagerDataSource - Loaded JDBC driver: com.mysql.jdbc.Driver
02 jul 2018 - 13:39:48 [INFO ] impl.ProcessEngineImpl - ProcessEngine default created
02 jul 2018 - 13:39:48 [INFO ] asyncexecutor.DefaultAsyncJobExecutor - Starting up the default async job executor [org.activiti.engine.impl.asyncexecutor.DefaultAsyncJobExecutor].
02 jul 2018 - 13:39:48 [INFO ] asyncexecutor.DefaultAsyncJobExecutor - Creating thread pool queue of size 100
02 jul 2018 - 13:39:48 [INFO ] asyncexecutor.DefaultAsyncJobExecutor - Creating executor service with corePoolSize 2, maxPoolSize 10 and keepAliveTime 5000
02 jul 2018 - 13:39:48 [INFO ] asyncexecutor.AcquireTimerJobsRunnable - {} starting to acquire async jobs due
02 jul 2018 - 13:39:48 [INFO ] asyncexecutor.AcquireAsyncJobsDueRunnable - {} starting to acquire async jobs due
02 jul 2018 - 13:39:49 [INFO ] hibernate5.HibernateTransactionManager - Using DataSource [org.springframework.jdbc.datasource.DriverManagerDataSource@6f6efa4f] of Hibernate SessionFactory for HibernateTransactionManager
02 jul 2018 - 13:39:49 [INFO ] web.DefaultSecurityFilterChain - Creating filter chain: Ant [pattern='/recursos/**'], []
02 jul 2018 - 13:39:50 [INFO ] web.DefaultSecurityFilterChain - Creating filter chain: org.springframework.security.web.util.matcher.AnyRequestMatcher@1, [org.springframework.security.web.context.SecurityContextPersistenceFilter@794f11cd, org.springframework.security.web.header.HeaderWriterFilter@715f45c6, org.springframework.security.web.authentication.logout.LogoutFilter@5d5c41e5, org.springframework.security.web.authentication.UsernamePasswordAuthenticationFilter@43245559, org.springframework.security.web.savedrequest.RequestCacheAwareFilter@42e4e589, org.springframework.security.web.servletapi.SecurityContextHolderAwareRequestFilter@499ee966, org.springframework.security.web.authentication.AnonymousAuthenticationFilter@76f2dad9, org.springframework.security.web.session.SessionManagementFilter@171dc7c3, org.springframework.security.web.access.ExceptionTranslationFilter@72b0a004, org.springframework.security.web.access.intercept.FilterSecurityInterceptor@4cdba2ed]
02 jul 2018 - 13:39:50 [INFO ] http.DefaultFilterChainValidator - Checking whether login URL '/inicio.zul' is accessible with your configuration
02 jul 2018 - 13:39:50 [WARN ] spi.SqlExceptionHelper - SQL Error: 1054, SQLState: 42S22
02 jul 2018 - 13:39:50 [ERROR] spi.SqlExceptionHelper - Unknown column 'codigo_comision' in 'field list'
02 jul 2018 - 13:39:50 [ERROR] hibernate.AssertionFailure - HHH000099: an assertion failure occured (this may indicate a bug in Hibernate, but is more likely due to unsafe use of the session): org.hibernate.AssertionFailure: null id in unpsjb.fipm.gisfpp.entidades.cursada.Cursada entry (don't flush the Session after an exception occurs)
02 jul 2018 - 13:39:50 [ERROR] internal.SessionImpl - HHH000346: Error during managed flush [null id in unpsjb.fipm.gisfpp.entidades.cursada.Cursada entry (don't flush the Session after an exception occurs)]
02 jul 2018 - 13:39:51 [INFO ] internal.QueryTranslatorFactoryInitiator - HHH000397: Using ASTQueryTranslatorFactory
02 jul 2018 - 13:39:51 [INFO ] internal.DefaultDeleteEventListener - HHH000114: Handling transient entity in delete processing
02 jul 2018 - 13:39:51 [ERROR] internal.SessionImpl - HHH000346: Error during managed flush [Batch update returned unexpected row count from update [0]; actual row count: 0; expected: 1]
02 jul 2018 - 13:39:51 [INFO ] internal.AbstractBatchImpl - HHH000010: On release of batch it still contained JDBC statements
02 jul 2018 - 13:39:51 [WARN ] spi.SqlExceptionHelper - SQL Error: 1054, SQLState: 42S22
02 jul 2018 - 13:39:51 [ERROR] spi.SqlExceptionHelper - Unknown column 'codigo_comision' in 'field list'
02 jul 2018 - 13:39:51 [ERROR] hibernate.AssertionFailure - HHH000099: an assertion failure occured (this may indicate a bug in Hibernate, but is more likely due to unsafe use of the session): org.hibernate.AssertionFailure: null id in unpsjb.fipm.gisfpp.entidades.cursada.Cursada entry (don't flush the Session after an exception occurs)
02 jul 2018 - 13:39:51 [ERROR] internal.SessionImpl - HHH000346: Error during managed flush [null id in unpsjb.fipm.gisfpp.entidades.cursada.Cursada entry (don't flush the Session after an exception occurs)]
02 jul 2018 - 13:39:51 [INFO ] internal.DefaultDeleteEventListener - HHH000114: Handling transient entity in delete processing
02 jul 2018 - 13:39:51 [ERROR] internal.SessionImpl - HHH000346: Error during managed flush [Batch update returned unexpected row count from update [0]; actual row count: 0; expected: 1]
02 jul 2018 - 13:39:51 [INFO ] internal.AbstractBatchImpl - HHH000010: On release of batch it still contained JDBC statements
02 jul 2018 - 13:39:51 [INFO ] support.GenericApplicationContext - Closing org.springframework.context.support.GenericApplicationContext@47ef968d: startup date [Mon Jul 02 13:39:39 ART 2018]; root of context hierarchy
02 jul 2018 - 13:39:51 [INFO ] asyncexecutor.DefaultAsyncJobExecutor - Shutting down the default async job executor [org.activiti.engine.impl.asyncexecutor.DefaultAsyncJobExecutor].
02 jul 2018 - 13:39:51 [INFO ] asyncexecutor.AcquireTimerJobsRunnable - {} stopped async job due acquisition
02 jul 2018 - 13:39:51 [INFO ] asyncexecutor.AcquireAsyncJobsDueRunnable - {} stopped async job due acquisition
02 jul 2018 - 13:50:50 [INFO ] support.DefaultTestContextBootstrapper - Loaded default TestExecutionListener class names from location [META-INF/spring.factories]: [org.springframework.test.context.web.ServletTestExecutionListener, org.springframework.test.context.support.DirtiesContextBeforeModesTestExecutionListener, org.springframework.test.context.support.DependencyInjectionTestExecutionListener, org.springframework.test.context.support.DirtiesContextTestExecutionListener, org.springframework.test.context.transaction.TransactionalTestExecutionListener, org.springframework.test.context.jdbc.SqlScriptsTestExecutionListener]
02 jul 2018 - 13:50:50 [INFO ] support.DefaultTestContextBootstrapper - Using TestExecutionListeners: [org.springframework.test.context.web.ServletTestExecutionListener@7085bdee, org.springframework.test.context.support.DirtiesContextBeforeModesTestExecutionListener@1ce92674, org.springframework.test.context.support.DependencyInjectionTestExecutionListener@5700d6b1, org.springframework.test.context.support.DirtiesContextTestExecutionListener@6fd02e5, org.springframework.test.context.transaction.TransactionalTestExecutionListener@5bcab519, org.springframework.test.context.jdbc.SqlScriptsTestExecutionListener@e45f292]
02 jul 2018 - 13:50:51 [INFO ] xml.XmlBeanDefinitionReader - Loading XML bean definitions from URL [file:src/main/webapp/WEB-INF/daoContext-test.xml]
02 jul 2018 - 13:50:51 [INFO ] xml.XmlBeanDefinitionReader - Loading XML bean definitions from URL [file:src/main/webapp/WEB-INF/app-security.xml]
02 jul 2018 - 13:50:51 [INFO ] core.SpringSecurityCoreVersion - You are running with Spring Security Core 4.0.3.RELEASE
02 jul 2018 - 13:50:51 [INFO ] config.SecurityNamespaceHandler - Spring Security 'config' module version is 4.0.3.RELEASE
02 jul 2018 - 13:50:51 [INFO ] http.FilterInvocationSecurityMetadataSourceParser - Creating access control expression attribute 'permitAll' for /zkau/**
02 jul 2018 - 13:50:51 [INFO ] http.FilterInvocationSecurityMetadataSourceParser - Creating access control expression attribute 'permitAll' for /inicio.zul
02 jul 2018 - 13:50:51 [INFO ] http.FilterInvocationSecurityMetadataSourceParser - Creating access control expression attribute 'isAuthenticated()' for /**
02 jul 2018 - 13:50:51 [INFO ] http.HttpSecurityBeanDefinitionParser - Checking sorted filter chain: [Root bean: class [org.springframework.security.web.context.SecurityContextPersistenceFilter]; scope=; abstract=false; lazyInit=false; autowireMode=0; dependencyCheck=0; autowireCandidate=true; primary=false; factoryBeanName=null; factoryMethodName=null; initMethodName=null; destroyMethodName=null, order = 200, Root bean: class [org.springframework.security.web.header.HeaderWriterFilter]; scope=; abstract=false; lazyInit=false; autowireMode=0; dependencyCheck=0; autowireCandidate=true; primary=false; factoryBeanName=null; factoryMethodName=null; initMethodName=null; destroyMethodName=null, order = 500, Root bean: class [org.springframework.security.web.authentication.logout.LogoutFilter]; scope=; abstract=false; lazyInit=false; autowireMode=0; dependencyCheck=0; autowireCandidate=true; primary=false; factoryBeanName=null; factoryMethodName=null; initMethodName=null; destroyMethodName=null, order = 700, <org.springframework.security.web.authentication.UsernamePasswordAuthenticationFilter#0>, order = 1100, Root bean: class [org.springframework.security.web.savedrequest.RequestCacheAwareFilter]; scope=; abstract=false; lazyInit=false; autowireMode=0; dependencyCheck=0; autowireCandidate=true; primary=false; factoryBeanName=null; factoryMethodName=null; initMethodName=null; destroyMethodName=null, order = 1600, Root bean: class [org.springframework.security.web.servletapi.SecurityContextHolderAwareRequestFilter]; scope=; abstract=false; lazyInit=false; autowireMode=0; dependencyCheck=0; autowireCandidate=true; primary=false; factoryBeanName=null; factoryMethodName=null; initMethodName=null; destroyMethodName=null, order = 1700, Root bean: class [org.springframework.security.web.authentication.AnonymousAuthenticationFilter]; scope=; abstract=false; lazyInit=false; autowireMode=0; dependencyCheck=0; autowireCandidate=true; primary=false; factoryBeanName=null; factoryMethodName=null; initMethodName=null; destroyMethodName=null, order = 2000, Root bean: class [org.springframework.security.web.session.SessionManagementFilter]; scope=; abstract=false; lazyInit=false; autowireMode=0; dependencyCheck=0; autowireCandidate=true; primary=false; factoryBeanName=null; factoryMethodName=null; initMethodName=null; destroyMethodName=null, order = 2100, Root bean: class [org.springframework.security.web.access.ExceptionTranslationFilter]; scope=; abstract=false; lazyInit=false; autowireMode=0; dependencyCheck=0; autowireCandidate=true; primary=false; factoryBeanName=null; factoryMethodName=null; initMethodName=null; destroyMethodName=null, order = 2200, <org.springframework.security.web.access.intercept.FilterSecurityInterceptor#0>, order = 2300]
02 jul 2018 - 13:50:52 [INFO ] support.GenericApplicationContext - Refreshing org.springframework.context.support.GenericApplicationContext@47ef968d: startup date [Mon Jul 02 13:50:51 ART 2018]; root of context hierarchy
02 jul 2018 - 13:50:52 [INFO ] config.PropertyPlaceholderConfigurer - Loading properties file from class path resource [properties/config.properties]
02 jul 2018 - 13:50:52 [WARN ] config.PropertyPlaceholderConfigurer - Could not load properties from class path resource [properties/config.properties]: class path resource [properties/config.properties] cannot be opened because it does not exist
02 jul 2018 - 13:50:52 [INFO ] datasource.DriverManagerDataSource - Loaded JDBC driver: com.mysql.jdbc.Driver
02 jul 2018 - 13:50:53 [INFO ] hibernate.Version - HHH000412: Hibernate Core {5.0.2.Final}
02 jul 2018 - 13:50:53 [INFO ] cfg.Environment - HHH000206: hibernate.properties not found
02 jul 2018 - 13:50:53 [INFO ] cfg.Environment - HHH000021: Bytecode provider name : javassist
02 jul 2018 - 13:50:53 [INFO ] common.Version - HCANN000001: Hibernate Commons Annotations {5.0.0.Final}
02 jul 2018 - 13:50:54 [INFO ] dialect.Dialect - HHH000400: Using dialect: org.hibernate.dialect.MySQL5Dialect
02 jul 2018 - 13:50:54 [INFO ] util.Version - HV000001: Hibernate Validator 5.2.2.Final
02 jul 2018 - 13:50:57 [INFO ] datasource.DriverManagerDataSource - Loaded JDBC driver: com.mysql.jdbc.Driver
02 jul 2018 - 13:50:59 [INFO ] impl.ProcessEngineImpl - ProcessEngine default created
02 jul 2018 - 13:50:59 [INFO ] asyncexecutor.DefaultAsyncJobExecutor - Starting up the default async job executor [org.activiti.engine.impl.asyncexecutor.DefaultAsyncJobExecutor].
02 jul 2018 - 13:50:59 [INFO ] asyncexecutor.DefaultAsyncJobExecutor - Creating thread pool queue of size 100
02 jul 2018 - 13:50:59 [INFO ] asyncexecutor.DefaultAsyncJobExecutor - Creating executor service with corePoolSize 2, maxPoolSize 10 and keepAliveTime 5000
02 jul 2018 - 13:50:59 [INFO ] asyncexecutor.AcquireTimerJobsRunnable - {} starting to acquire async jobs due
02 jul 2018 - 13:50:59 [INFO ] asyncexecutor.AcquireAsyncJobsDueRunnable - {} starting to acquire async jobs due
02 jul 2018 - 13:51:00 [INFO ] hibernate5.HibernateTransactionManager - Using DataSource [org.springframework.jdbc.datasource.DriverManagerDataSource@7e87ef9e] of Hibernate SessionFactory for HibernateTransactionManager
02 jul 2018 - 13:51:00 [INFO ] web.DefaultSecurityFilterChain - Creating filter chain: Ant [pattern='/recursos/**'], []
02 jul 2018 - 13:51:00 [INFO ] web.DefaultSecurityFilterChain - Creating filter chain: org.springframework.security.web.util.matcher.AnyRequestMatcher@1, [org.springframework.security.web.context.SecurityContextPersistenceFilter@4cdba2ed, org.springframework.security.web.header.HeaderWriterFilter@2c1f8dbd, org.springframework.security.web.authentication.logout.LogoutFilter@55c57422, org.springframework.security.web.authentication.UsernamePasswordAuthenticationFilter@22825e1e, org.springframework.security.web.savedrequest.RequestCacheAwareFilter@335f5c69, org.springframework.security.web.servletapi.SecurityContextHolderAwareRequestFilter@63fd4dda, org.springframework.security.web.authentication.AnonymousAuthenticationFilter@1d6751e3, org.springframework.security.web.session.SessionManagementFilter@2d258eff, org.springframework.security.web.access.ExceptionTranslationFilter@64502326, org.springframework.security.web.access.intercept.FilterSecurityInterceptor@6dca31eb]
02 jul 2018 - 13:51:00 [INFO ] http.DefaultFilterChainValidator - Checking whether login URL '/inicio.zul' is accessible with your configuration
02 jul 2018 - 13:51:01 [WARN ] spi.SqlExceptionHelper - SQL Error: 1054, SQLState: 42S22
02 jul 2018 - 13:51:01 [ERROR] spi.SqlExceptionHelper - Unknown column 'codigo_comision' in 'field list'
02 jul 2018 - 13:51:01 [ERROR] hibernate.AssertionFailure - HHH000099: an assertion failure occured (this may indicate a bug in Hibernate, but is more likely due to unsafe use of the session): org.hibernate.AssertionFailure: null id in unpsjb.fipm.gisfpp.entidades.cursada.Cursada entry (don't flush the Session after an exception occurs)
02 jul 2018 - 13:51:01 [ERROR] internal.SessionImpl - HHH000346: Error during managed flush [null id in unpsjb.fipm.gisfpp.entidades.cursada.Cursada entry (don't flush the Session after an exception occurs)]
02 jul 2018 - 13:51:01 [INFO ] internal.QueryTranslatorFactoryInitiator - HHH000397: Using ASTQueryTranslatorFactory
02 jul 2018 - 13:51:01 [INFO ] internal.DefaultDeleteEventListener - HHH000114: Handling transient entity in delete processing
02 jul 2018 - 13:51:01 [ERROR] internal.SessionImpl - HHH000346: Error during managed flush [Batch update returned unexpected row count from update [0]; actual row count: 0; expected: 1]
02 jul 2018 - 13:51:01 [INFO ] internal.AbstractBatchImpl - HHH000010: On release of batch it still contained JDBC statements
02 jul 2018 - 13:51:01 [WARN ] spi.SqlExceptionHelper - SQL Error: 1054, SQLState: 42S22
02 jul 2018 - 13:51:01 [ERROR] spi.SqlExceptionHelper - Unknown column 'codigo_comision' in 'field list'
02 jul 2018 - 13:51:01 [ERROR] hibernate.AssertionFailure - HHH000099: an assertion failure occured (this may indicate a bug in Hibernate, but is more likely due to unsafe use of the session): org.hibernate.AssertionFailure: null id in unpsjb.fipm.gisfpp.entidades.cursada.Cursada entry (don't flush the Session after an exception occurs)
02 jul 2018 - 13:51:01 [ERROR] internal.SessionImpl - HHH000346: Error during managed flush [null id in unpsjb.fipm.gisfpp.entidades.cursada.Cursada entry (don't flush the Session after an exception occurs)]
02 jul 2018 - 13:51:01 [INFO ] internal.DefaultDeleteEventListener - HHH000114: Handling transient entity in delete processing
02 jul 2018 - 13:51:01 [ERROR] internal.SessionImpl - HHH000346: Error during managed flush [Batch update returned unexpected row count from update [0]; actual row count: 0; expected: 1]
02 jul 2018 - 13:51:01 [INFO ] internal.AbstractBatchImpl - HHH000010: On release of batch it still contained JDBC statements
02 jul 2018 - 13:51:01 [INFO ] support.GenericApplicationContext - Closing org.springframework.context.support.GenericApplicationContext@47ef968d: startup date [Mon Jul 02 13:50:51 ART 2018]; root of context hierarchy
02 jul 2018 - 13:51:01 [INFO ] asyncexecutor.DefaultAsyncJobExecutor - Shutting down the default async job executor [org.activiti.engine.impl.asyncexecutor.DefaultAsyncJobExecutor].
02 jul 2018 - 13:51:01 [INFO ] asyncexecutor.AcquireTimerJobsRunnable - {} stopped async job due acquisition
02 jul 2018 - 13:51:01 [INFO ] asyncexecutor.AcquireAsyncJobsDueRunnable - {} stopped async job due acquisition
02 jul 2018 - 13:53:06 [INFO ] support.DefaultTestContextBootstrapper - Loaded default TestExecutionListener class names from location [META-INF/spring.factories]: [org.springframework.test.context.web.ServletTestExecutionListener, org.springframework.test.context.support.DirtiesContextBeforeModesTestExecutionListener, org.springframework.test.context.support.DependencyInjectionTestExecutionListener, org.springframework.test.context.support.DirtiesContextTestExecutionListener, org.springframework.test.context.transaction.TransactionalTestExecutionListener, org.springframework.test.context.jdbc.SqlScriptsTestExecutionListener]
02 jul 2018 - 13:53:06 [INFO ] support.DefaultTestContextBootstrapper - Using TestExecutionListeners: [org.springframework.test.context.web.ServletTestExecutionListener@7085bdee, org.springframework.test.context.support.DirtiesContextBeforeModesTestExecutionListener@1ce92674, org.springframework.test.context.support.DependencyInjectionTestExecutionListener@5700d6b1, org.springframework.test.context.support.DirtiesContextTestExecutionListener@6fd02e5, org.springframework.test.context.transaction.TransactionalTestExecutionListener@5bcab519, org.springframework.test.context.jdbc.SqlScriptsTestExecutionListener@e45f292]
02 jul 2018 - 13:53:06 [INFO ] xml.XmlBeanDefinitionReader - Loading XML bean definitions from URL [file:src/main/webapp/WEB-INF/daoContext-test.xml]
02 jul 2018 - 13:53:06 [INFO ] xml.XmlBeanDefinitionReader - Loading XML bean definitions from URL [file:src/main/webapp/WEB-INF/app-security.xml]
02 jul 2018 - 13:53:07 [INFO ] core.SpringSecurityCoreVersion - You are running with Spring Security Core 4.0.3.RELEASE
02 jul 2018 - 13:53:07 [INFO ] config.SecurityNamespaceHandler - Spring Security 'config' module version is 4.0.3.RELEASE
02 jul 2018 - 13:53:07 [INFO ] http.FilterInvocationSecurityMetadataSourceParser - Creating access control expression attribute 'permitAll' for /zkau/**
02 jul 2018 - 13:53:07 [INFO ] http.FilterInvocationSecurityMetadataSourceParser - Creating access control expression attribute 'permitAll' for /inicio.zul
02 jul 2018 - 13:53:07 [INFO ] http.FilterInvocationSecurityMetadataSourceParser - Creating access control expression attribute 'isAuthenticated()' for /**
02 jul 2018 - 13:53:07 [INFO ] http.HttpSecurityBeanDefinitionParser - Checking sorted filter chain: [Root bean: class [org.springframework.security.web.context.SecurityContextPersistenceFilter]; scope=; abstract=false; lazyInit=false; autowireMode=0; dependencyCheck=0; autowireCandidate=true; primary=false; factoryBeanName=null; factoryMethodName=null; initMethodName=null; destroyMethodName=null, order = 200, Root bean: class [org.springframework.security.web.header.HeaderWriterFilter]; scope=; abstract=false; lazyInit=false; autowireMode=0; dependencyCheck=0; autowireCandidate=true; primary=false; factoryBeanName=null; factoryMethodName=null; initMethodName=null; destroyMethodName=null, order = 500, Root bean: class [org.springframework.security.web.authentication.logout.LogoutFilter]; scope=; abstract=false; lazyInit=false; autowireMode=0; dependencyCheck=0; autowireCandidate=true; primary=false; factoryBeanName=null; factoryMethodName=null; initMethodName=null; destroyMethodName=null, order = 700, <org.springframework.security.web.authentication.UsernamePasswordAuthenticationFilter#0>, order = 1100, Root bean: class [org.springframework.security.web.savedrequest.RequestCacheAwareFilter]; scope=; abstract=false; lazyInit=false; autowireMode=0; dependencyCheck=0; autowireCandidate=true; primary=false; factoryBeanName=null; factoryMethodName=null; initMethodName=null; destroyMethodName=null, order = 1600, Root bean: class [org.springframework.security.web.servletapi.SecurityContextHolderAwareRequestFilter]; scope=; abstract=false; lazyInit=false; autowireMode=0; dependencyCheck=0; autowireCandidate=true; primary=false; factoryBeanName=null; factoryMethodName=null; initMethodName=null; destroyMethodName=null, order = 1700, Root bean: class [org.springframework.security.web.authentication.AnonymousAuthenticationFilter]; scope=; abstract=false; lazyInit=false; autowireMode=0; dependencyCheck=0; autowireCandidate=true; primary=false; factoryBeanName=null; factoryMethodName=null; initMethodName=null; destroyMethodName=null, order = 2000, Root bean: class [org.springframework.security.web.session.SessionManagementFilter]; scope=; abstract=false; lazyInit=false; autowireMode=0; dependencyCheck=0; autowireCandidate=true; primary=false; factoryBeanName=null; factoryMethodName=null; initMethodName=null; destroyMethodName=null, order = 2100, Root bean: class [org.springframework.security.web.access.ExceptionTranslationFilter]; scope=; abstract=false; lazyInit=false; autowireMode=0; dependencyCheck=0; autowireCandidate=true; primary=false; factoryBeanName=null; factoryMethodName=null; initMethodName=null; destroyMethodName=null, order = 2200, <org.springframework.security.web.access.intercept.FilterSecurityInterceptor#0>, order = 2300]
02 jul 2018 - 13:53:07 [INFO ] support.GenericApplicationContext - Refreshing org.springframework.context.support.GenericApplicationContext@47ef968d: startup date [Mon Jul 02 13:53:07 ART 2018]; root of context hierarchy
02 jul 2018 - 13:53:07 [INFO ] config.PropertyPlaceholderConfigurer - Loading properties file from class path resource [properties/config.properties]
02 jul 2018 - 13:53:07 [WARN ] config.PropertyPlaceholderConfigurer - Could not load properties from class path resource [properties/config.properties]: class path resource [properties/config.properties] cannot be opened because it does not exist
02 jul 2018 - 13:53:07 [INFO ] datasource.DriverManagerDataSource - Loaded JDBC driver: com.mysql.jdbc.Driver
02 jul 2018 - 13:53:08 [INFO ] hibernate.Version - HHH000412: Hibernate Core {5.0.2.Final}
02 jul 2018 - 13:53:08 [INFO ] cfg.Environment - HHH000206: hibernate.properties not found
02 jul 2018 - 13:53:08 [INFO ] cfg.Environment - HHH000021: Bytecode provider name : javassist
02 jul 2018 - 13:53:08 [INFO ] common.Version - HCANN000001: Hibernate Commons Annotations {5.0.0.Final}
02 jul 2018 - 13:53:09 [INFO ] dialect.Dialect - HHH000400: Using dialect: org.hibernate.dialect.MySQL5Dialect
02 jul 2018 - 13:53:09 [INFO ] util.Version - HV000001: Hibernate Validator 5.2.2.Final
02 jul 2018 - 13:53:12 [INFO ] datasource.DriverManagerDataSource - Loaded JDBC driver: com.mysql.jdbc.Driver
02 jul 2018 - 13:53:14 [INFO ] impl.ProcessEngineImpl - ProcessEngine default created
02 jul 2018 - 13:53:14 [INFO ] asyncexecutor.DefaultAsyncJobExecutor - Starting up the default async job executor [org.activiti.engine.impl.asyncexecutor.DefaultAsyncJobExecutor].
02 jul 2018 - 13:53:14 [INFO ] asyncexecutor.DefaultAsyncJobExecutor - Creating thread pool queue of size 100
02 jul 2018 - 13:53:14 [INFO ] asyncexecutor.DefaultAsyncJobExecutor - Creating executor service with corePoolSize 2, maxPoolSize 10 and keepAliveTime 5000
02 jul 2018 - 13:53:14 [INFO ] asyncexecutor.AcquireTimerJobsRunnable - {} starting to acquire async jobs due
02 jul 2018 - 13:53:14 [INFO ] asyncexecutor.AcquireAsyncJobsDueRunnable - {} starting to acquire async jobs due
02 jul 2018 - 13:53:14 [INFO ] hibernate5.HibernateTransactionManager - Using DataSource [org.springframework.jdbc.datasource.DriverManagerDataSource@7e87ef9e] of Hibernate SessionFactory for HibernateTransactionManager
02 jul 2018 - 13:53:15 [INFO ] web.DefaultSecurityFilterChain - Creating filter chain: Ant [pattern='/recursos/**'], []
02 jul 2018 - 13:53:15 [INFO ] web.DefaultSecurityFilterChain - Creating filter chain: org.springframework.security.web.util.matcher.AnyRequestMatcher@1, [org.springframework.security.web.context.SecurityContextPersistenceFilter@4cdba2ed, org.springframework.security.web.header.HeaderWriterFilter@2c1f8dbd, org.springframework.security.web.authentication.logout.LogoutFilter@55c57422, org.springframework.security.web.authentication.UsernamePasswordAuthenticationFilter@22825e1e, org.springframework.security.web.savedrequest.RequestCacheAwareFilter@335f5c69, org.springframework.security.web.servletapi.SecurityContextHolderAwareRequestFilter@63fd4dda, org.springframework.security.web.authentication.AnonymousAuthenticationFilter@1d6751e3, org.springframework.security.web.session.SessionManagementFilter@2d258eff, org.springframework.security.web.access.ExceptionTranslationFilter@64502326, org.springframework.security.web.access.intercept.FilterSecurityInterceptor@6dca31eb]
02 jul 2018 - 13:53:15 [INFO ] http.DefaultFilterChainValidator - Checking whether login URL '/inicio.zul' is accessible with your configuration
02 jul 2018 - 13:53:15 [WARN ] spi.SqlExceptionHelper - SQL Error: 1054, SQLState: 42S22
02 jul 2018 - 13:53:15 [ERROR] spi.SqlExceptionHelper - Unknown column 'codigo_comision' in 'field list'
02 jul 2018 - 13:53:15 [ERROR] hibernate.AssertionFailure - HHH000099: an assertion failure occured (this may indicate a bug in Hibernate, but is more likely due to unsafe use of the session): org.hibernate.AssertionFailure: null id in unpsjb.fipm.gisfpp.entidades.cursada.Cursada entry (don't flush the Session after an exception occurs)
02 jul 2018 - 13:53:15 [ERROR] internal.SessionImpl - HHH000346: Error during managed flush [null id in unpsjb.fipm.gisfpp.entidades.cursada.Cursada entry (don't flush the Session after an exception occurs)]
02 jul 2018 - 13:53:16 [INFO ] internal.QueryTranslatorFactoryInitiator - HHH000397: Using ASTQueryTranslatorFactory
02 jul 2018 - 13:53:16 [INFO ] internal.DefaultDeleteEventListener - HHH000114: Handling transient entity in delete processing
02 jul 2018 - 13:53:16 [ERROR] internal.SessionImpl - HHH000346: Error during managed flush [Batch update returned unexpected row count from update [0]; actual row count: 0; expected: 1]
02 jul 2018 - 13:53:16 [INFO ] internal.AbstractBatchImpl - HHH000010: On release of batch it still contained JDBC statements
02 jul 2018 - 13:53:16 [WARN ] spi.SqlExceptionHelper - SQL Error: 1054, SQLState: 42S22
02 jul 2018 - 13:53:16 [ERROR] spi.SqlExceptionHelper - Unknown column 'codigo_comision' in 'field list'
02 jul 2018 - 13:53:16 [ERROR] hibernate.AssertionFailure - HHH000099: an assertion failure occured (this may indicate a bug in Hibernate, but is more likely due to unsafe use of the session): org.hibernate.AssertionFailure: null id in unpsjb.fipm.gisfpp.entidades.cursada.Cursada entry (don't flush the Session after an exception occurs)
02 jul 2018 - 13:53:16 [ERROR] internal.SessionImpl - HHH000346: Error during managed flush [null id in unpsjb.fipm.gisfpp.entidades.cursada.Cursada entry (don't flush the Session after an exception occurs)]
02 jul 2018 - 13:53:16 [INFO ] internal.DefaultDeleteEventListener - HHH000114: Handling transient entity in delete processing
02 jul 2018 - 13:53:16 [ERROR] internal.SessionImpl - HHH000346: Error during managed flush [Batch update returned unexpected row count from update [0]; actual row count: 0; expected: 1]
02 jul 2018 - 13:53:16 [INFO ] internal.AbstractBatchImpl - HHH000010: On release of batch it still contained JDBC statements
02 jul 2018 - 13:53:16 [INFO ] support.GenericApplicationContext - Closing org.springframework.context.support.GenericApplicationContext@47ef968d: startup date [Mon Jul 02 13:53:07 ART 2018]; root of context hierarchy
02 jul 2018 - 13:53:16 [INFO ] asyncexecutor.DefaultAsyncJobExecutor - Shutting down the default async job executor [org.activiti.engine.impl.asyncexecutor.DefaultAsyncJobExecutor].
02 jul 2018 - 13:53:16 [INFO ] asyncexecutor.AcquireTimerJobsRunnable - {} stopped async job due acquisition
02 jul 2018 - 13:53:16 [INFO ] asyncexecutor.AcquireAsyncJobsDueRunnable - {} stopped async job due acquisition
